2025-07-25 08:09:43 [INFO] - Init Global Variable
2025-07-25 08:09:57 [INFO] - Warning: Ticker 'GREN.JK' from IDX was not found in the database. Skipping.
2025-07-25 08:09:57 [INFO] - Warning: Ticker 'CKRA.JK' from IDX was not found in the database. Skipping.
2025-07-25 08:09:58 [INFO] - Warning: Ticker 'SCBD.JK' from IDX was not found in the database. Skipping.
2025-07-25 08:09:59 [INFO] - Warning: Ticker 'APOL.JK' from IDX was not found in the database. Skipping.
2025-07-25 08:10:00 [INFO] - Warning: Ticker 'ITTG.JK' from IDX was not found in the database. Skipping.
2025-07-25 08:10:01 [INFO] - Warning: Ticker 'BORN.JK' from IDX was not found in the database. Skipping.
2025-07-25 08:10:02 [INFO] - Warning: Ticker 'TMPI.JK' from IDX was not found in the database. Skipping.
2025-07-25 08:10:02 [INFO] - Warning: Ticker 'ATPK.JK' from IDX was not found in the database. Skipping.
2025-07-25 08:10:03 [INFO] - Warning: Ticker 'NAGA.JK' from IDX was not found in the database. Skipping.
2025-07-25 08:10:04 [INFO] - Warning: Ticker 'GMCW.JK' from IDX was not found in the database. Skipping.
2025-07-25 08:10:05 [INFO] - Warning: Ticker 'SIAP.JK' from IDX was not found in the database. Skipping.
2025-07-25 08:10:06 [INFO] - Warning: Ticker 'BBNP.JK' from IDX was not found in the database. Skipping.
2025-07-25 08:10:07 [INFO] - Warning: Ticker 'JPRS.JK' from IDX was not found in the database. Skipping.
2025-07-25 08:10:07 [INFO] - Warning: Ticker 'TRUB.JK' from IDX was not found in the database. Skipping.
2025-07-25 08:10:08 [INFO] - Warning: Ticker 'DAJK.JK' from IDX was not found in the database. Skipping.
2025-07-25 08:10:09 [INFO] - Warning: Ticker 'SQBB.JK' from IDX was not found in the database. Skipping.
2025-07-25 08:10:10 [INFO] - Warning: Ticker 'LAMI.JK' from IDX was not found in the database. Skipping.
2025-07-25 08:10:11 [INFO] - Warning: Ticker 'TKGA.JK' from IDX was not found in the database. Skipping.
2025-07-25 08:10:11 [INFO] - Warning: Ticker 'BRAU.JK' from IDX was not found in the database. Skipping.
2025-07-25 08:10:12 [INFO] - Warning: Ticker 'SOBI.JK' from IDX was not found in the database. Skipping.
2025-07-25 08:10:13 [INFO] - Warning: Ticker 'UNTX.JK' from IDX was not found in the database. Skipping.
2025-07-25 08:10:13 [INFO] - Warning: Ticker 'BAEK.JK' from IDX was not found in the database. Skipping.
2025-07-25 08:10:14 [INFO] - Warning: Ticker 'DAVO.JK' from IDX was not found in the database. Skipping.
2025-07-25 08:10:15 [INFO] - Warning: Ticker 'ASIA.JK' from IDX was not found in the database. Skipping.
2025-07-25 08:10:16 [INFO] - Warning: Ticker 'KARK.JK' from IDX was not found in the database. Skipping.
2025-07-25 08:10:17 [INFO] - Warning: Ticker 'SAIP.JK' from IDX was not found in the database. Skipping.
2025-07-25 08:10:17 [INFO] - Warning: Ticker 'CPDW.JK' from IDX was not found in the database. Skipping.
2025-07-25 08:10:18 [INFO] - Warning: Ticker 'PWSI.JK' from IDX was not found in the database. Skipping.
2025-07-25 08:10:19 [INFO] - Warning: Ticker 'IDKM.JK' from IDX was not found in the database. Skipping.
2025-07-25 08:10:19 [INFO] - Warning: Ticker 'PAFI.JK' from IDX was not found in the database. Skipping.
2025-07-25 08:10:20 [INFO] - Warning: Ticker 'RINA.JK' from IDX was not found in the database. Skipping.
2025-07-25 08:10:21 [INFO] - Warning: Ticker 'MBAI.JK' from IDX was not found in the database. Skipping.
2025-07-25 08:10:22 [INFO] - Warning: Ticker 'SIIP.JK' from IDX was not found in the database. Skipping.
2025-07-25 08:10:22 [INFO] - Warning: Ticker 'ALFA.JK' from IDX was not found in the database. Skipping.
2025-07-25 08:10:23 [INFO] - Warning: Ticker 'ANTA.JK' from IDX was not found in the database. Skipping.
2025-07-25 08:10:24 [INFO] - Warning: Ticker 'DYNA.JK' from IDX was not found in the database. Skipping.
2025-07-25 08:10:24 [INFO] - Warning: Ticker 'AQUA.JK' from IDX was not found in the database. Skipping.
2025-07-25 08:10:25 [INFO] - Warning: Ticker 'PTRA.JK' from IDX was not found in the database. Skipping.
2025-07-25 08:10:26 [INFO] - Warning: Ticker 'IATG.JK' from IDX was not found in the database. Skipping.
2025-07-25 08:10:26 [INFO] - Warning: Ticker 'SING.JK' from IDX was not found in the database. Skipping.
2025-07-25 08:10:27 [INFO] - Warning: Ticker 'JASS.JK' from IDX was not found in the database. Skipping.
2025-07-25 08:10:27 [INFO] - Warning: Ticker 'MACO.JK' from IDX was not found in the database. Skipping.
2025-07-25 08:10:28 [INFO] - Warning: Ticker 'PROD.JK' from IDX was not found in the database. Skipping.
2025-07-25 08:10:28 [INFO] - 
Update process finished. Performed 0 updates.
