2024-10-28 08:29:50,457 - INFO: The shareholders data additional scraper program started
2024-10-28 09:41:44,510 - INFO: 2024-10-28 the additional shareholders data has been scrapped.
2024-11-01 01:14:30,864 - INFO: The shareholders data scraper program started
2024-11-01 02:26:35,530 - INFO: 2024-11-01 the shareholders data has been scrapped. Execution time: 01:12:04
2024-11-01 02:26:36,206 - INFO: The shareholders data additional scraper program started
2024-11-01 03:38:38,598 - INFO: 2024-11-01 the additional shareholders data has been scrapped.
2024-11-04 08:29:28,938 - INFO: The shareholders data additional scraper program started
2024-11-04 09:41:01,995 - INFO: 2024-11-04 the additional shareholders data has been scrapped.

2024-11-07 01:15:15,296 - INFO: The shareholders data scraper program started
2024-11-07 01:53:37,769 - INFO: 2024-11-07 the shareholders data has been scrapped. Execution time: 00:38:22
2024-11-20 00:54:55,587 - INFO: The shareholders data scraper program started
2024-11-20 01:34:40,090 - INFO: 2024-11-20 the shareholders data has been scrapped. Execution time: 00:39:44
2024-11-20 01:38:27,638 - INFO: The shareholders data additional scraper program started
2024-11-20 01:38:30,274 - INFO: 2024-11-20 the additional shareholders data has been scrapped.
2024-11-20 20:00:57,961 - INFO: The shareholders data scraper program started
2024-11-20 20:04:36,225 - INFO: The shareholders data scraper program started
2024-11-20 20:44:37,455 - INFO: 2024-11-20 the shareholders data has been scrapped. Execution time: 00:40:01
2024-11-25 08:31:28,101 - INFO: The shareholders data additional scraper program started
2024-12-01 01:25:19,940 - INFO: The shareholders data scraper program started
2024-12-01 02:37:04,320 - INFO: 2024-12-01 the shareholders data has been scrapped. Execution time: 01:11:44
2024-12-01 02:37:04,998 - INFO: The shareholders data additional scraper program started
2024-12-01 03:48:56,334 - INFO: 2024-12-01 the additional shareholders data has been scrapped.
2024-12-02 08:32:28,314 - INFO: The shareholders data additional scraper program started
2024-12-02 09:44:42,354 - INFO: 2024-12-02 the additional shareholders data has been scrapped.
2024-12-06 07:56:28,480 - INFO: Program started
2024-12-06 07:56:30,674 - INFO: Starting idx_profile_updater with new symbols and deactivated symbols
2024-12-06 07:56:57,165 - INFO: Upserting ['SMAR.JK' 'FILM.JK' 'NETV.JK' 'BTPN.JK' 'LABA.JK'] rows to idx_company_profile table.
2024-12-06 07:56:58,121 - INFO: idx_profile_updater finished
2024-12-07 18:17:36,159 - INFO: Program started
2024-12-07 18:17:38,569 - INFO: Starting idx_profile_updater with new symbols and deactivated symbols
2024-12-07 18:19:03,834 - INFO: Upserting ['SMAR.JK' 'NETV.JK'] rows to idx_company_profile table.
2024-12-07 18:19:04,768 - INFO: idx_profile_updater finished
2024-12-09 08:33:00,328 - INFO: The shareholders data additional scraper program started
2024-12-09 09:44:44,201 - INFO: 2024-12-09 the additional shareholders data has been scrapped.
2024-12-10 18:19:59,603 - INFO: Program started
2024-12-10 18:20:02,421 - INFO: Starting idx_profile_updater with new symbols and deactivated symbols
2024-12-10 18:20:21,239 - INFO: Upserting ['NETV.JK' 'SMAR.JK'] rows to idx_company_profile table.
2024-12-10 18:20:22,170 - INFO: idx_profile_updater finished
2024-12-13 18:19:14,362 - INFO: Program started
2024-12-13 18:19:17,222 - INFO: Starting idx_profile_updater with new symbols and deactivated symbols
2024-12-13 18:20:41,895 - INFO: Upserting ['NETV.JK' 'SMAR.JK' 'HERO.JK'] rows to idx_company_profile table.
2024-12-13 18:20:42,778 - INFO: idx_profile_updater finished
2024-12-16 08:33:12,993 - INFO: The shareholders data additional scraper program started
2024-12-16 09:45:33,202 - INFO: 2024-12-16 the additional shareholders data has been scrapped.
2024-12-17 08:38:21,694 - INFO: Program started
2024-12-17 08:38:24,183 - INFO: Starting idx_profile_updater with new symbols and deactivated symbols
2024-12-17 08:38:50,996 - INFO: idx_profile_updater finished
2024-12-17 08:45:57,160 - INFO: Program started
2024-12-17 08:45:59,723 - INFO: Starting idx_profile_updater with new symbols and deactivated symbols
2024-12-17 08:47:24,311 - INFO: Upserting ['NETV.JK' 'AADI.JK'] rows to idx_company_profile table.
2024-12-17 08:47:25,119 - INFO: idx_profile_updater finished
2024-12-19 18:18:11,507 - INFO: Program started
2024-12-19 18:18:14,251 - INFO: Starting idx_profile_updater with new symbols and deactivated symbols
2024-12-19 18:18:37,608 - INFO: idx_profile_updater finished
2024-12-22 18:16:09,891 - INFO: Program started
2024-12-22 18:16:12,406 - INFO: Starting idx_profile_updater with new symbols and deactivated symbols
2024-12-22 18:17:01,144 - INFO: Upserting ['MDIY.JK'] rows to idx_company_profile table.
2024-12-22 18:17:01,996 - INFO: idx_profile_updater finished
2024-12-23 08:29:17,559 - INFO: The shareholders data additional scraper program started
2024-12-23 09:42:01,049 - INFO: 2024-12-23 the additional shareholders data has been scrapped.
2024-12-25 18:17:16,313 - INFO: Program started
2024-12-25 18:17:18,787 - INFO: Starting idx_profile_updater with new symbols and deactivated symbols
2024-12-25 18:18:06,127 - INFO: idx_profile_updater finished
2024-12-28 18:16:40,643 - INFO: Program started
2024-12-28 18:16:43,613 - INFO: Starting idx_profile_updater with new symbols and deactivated symbols
2024-12-28 18:16:45,036 - INFO: idx_profile_updater finished
2024-12-30 08:28:57,890 - INFO: The shareholders data additional scraper program started
2024-12-30 09:40:42,262 - INFO: 2024-12-30 the additional shareholders data has been scrapped.
2024-12-31 18:17:04,150 - INFO: Program started
2024-12-31 18:17:06,437 - INFO: Starting idx_profile_updater with new symbols and deactivated symbols
2024-12-31 18:17:27,086 - INFO: idx_profile_updater finished
2025-01-01 01:14:54,825 - INFO: The shareholders data scraper program started
2025-01-01 02:26:44,347 - INFO: 2025-01-01 the shareholders data has been scrapped. Execution time: 01:11:49
2025-01-01 02:26:45,010 - INFO: The shareholders data additional scraper program started
2025-01-01 03:38:34,829 - INFO: 2025-01-01 the additional shareholders data has been scrapped.
2025-01-01 18:17:12,651 - INFO: Program started
2025-01-01 18:17:15,175 - INFO: Starting idx_profile_updater with new symbols and deactivated symbols
2025-01-01 18:17:56,762 - INFO: idx_profile_updater finished
2025-01-02 14:52:24,695 - INFO: The shareholders data additional scraper program started
2025-01-02 14:52:26,272 - INFO: The shareholders data scraper program started
2025-01-02 14:52:26,272 - INFO: Scraping batch 1 from index 0 to index 236
2025-01-02 14:53:21,785 - INFO: 2025-01-02 the shareholders data has been scrapped. Execution time: 00:00:55
2025-01-07 01:02:59,794 - INFO: The shareholders data additional scraper program started
2025-01-07 01:03:01,392 - INFO: The shareholders data scraper program started
2025-01-07 01:03:01,392 - INFO: Scraping batch 1 from index 0 to index 236
2025-01-07 04:27:15,226 - INFO: 2025-01-07 the shareholders data has been scrapped. Execution time: 03:24:13
2025-01-07 18:18:13,693 - INFO: Program started
2025-01-07 18:18:17,094 - INFO: Starting idx_profile_updater with new symbols and deactivated symbols
2025-01-07 18:18:18,543 - INFO: idx_profile_updater finished
2025-01-08 16:55:54,404 - INFO: The shareholders data scraper program started
2025-01-08 16:55:54,404 - INFO: Scraping batch 1 from index 0 to index 236

2025-01-08 17:26:11,557 - INFO: 2025-01-08 the shareholders data has been scrapped. Execution time: 00:13:04
2025-01-10 18:18:02,795 - INFO: Program started
2025-01-10 18:18:04,831 - INFO: Starting idx_profile_updater with new symbols and deactivated symbols
2025-01-10 18:18:31,839 - INFO: Upserting ['KSIX.JK' 'BRRC.JK' 'HGII.JK' 'YOII.JK' 'RATU.JK'] rows to idx_company_profile table.
2025-01-10 18:18:32,529 - INFO: idx_profile_updater finished
2025-01-13 18:19:21,059 - INFO: Program started
2025-01-13 18:19:23,266 - INFO: Starting idx_profile_updater with new symbols and deactivated symbols
2025-01-13 18:19:26,309 - INFO: idx_profile_updater finished2025-01-14 13:30:51,489 - INFO: The shareholders data additional scraper program started
2025-01-14 13:32:46,690 - INFO: 2025-01-14 the additional shareholders data has been scrapped.
2025-01-14 13:32:48,091 - INFO: The shareholders data scraper program started
2025-01-14 13:32:48,091 - INFO: Scraping batch 2 from index 238 to index 476
2025-01-14 13:52:12,000 - INFO: 2025-01-14 the shareholders data has been scrapped. Execution time: 00:19:23
2025-01-16 18:17:06,497 - INFO: Program started
2025-01-16 18:17:08,697 - INFO: Starting idx_profile_updater with new symbols and deactivated symbols
2025-01-16 18:17:32,995 - INFO: Upserting ['PACK.JK' 'OBAT.JK' 'CBDK.JK' 'DGWG.JK'] rows to idx_company_profile table.
2025-01-16 18:17:33,677 - INFO: idx_profile_updater finished
2025-01-19 18:15:29,604 - INFO: Program started
2025-01-19 18:15:31,479 - INFO: Starting idx_profile_updater with new symbols and deactivated symbols
2025-01-19 18:15:34,132 - INFO: idx_profile_updater finished
2025-01-21 01:25:56,802 - INFO: The shareholders data additional scraper program started
2025-01-21 01:25:58,450 - INFO: The shareholders data scraper program started
2025-01-21 01:25:58,450 - INFO: Scraping batch 3 from index 476 to index 714
2025-01-21 03:55:53,665 - INFO: 2025-01-21 the shareholders data has been scrapped. Execution time: 02:29:55
2025-01-22 18:18:05,394 - INFO: Program started
2025-01-22 18:18:07,344 - INFO: Starting idx_profile_updater with new symbols and deactivated symbols
2025-01-22 18:18:11,271 - INFO: idx_profile_updater finished
2025-01-25 18:15:33,355 - INFO: Program started
2025-01-25 18:15:35,642 - INFO: Starting idx_profile_updater with new symbols and deactivated symbols
2025-01-25 18:15:40,934 - INFO: idx_profile_updater finished
2025-01-28 00:41:34,992 - INFO: The shareholders data additional scraper program started
2025-01-28 00:53:54,718 - INFO: 2025-01-28 the additional shareholders data has been scrapped.
2025-01-28 00:53:56,538 - INFO: The shareholders data scraper program started
2025-01-28 00:53:56,538 - INFO: Scraping batch 4 from index 714 to index 951
2025-01-28 01:09:26,859 - INFO: 2025-01-28 the shareholders data has been scrapped. Execution time: 00:15:30
2025-01-28 18:17:47,807 - INFO: Program started
2025-01-28 18:17:50,029 - INFO: Starting idx_profile_updater with new symbols and deactivated symbols
2025-01-28 18:17:52,900 - INFO: idx_profile_updater finished
2025-01-31 18:17:22,048 - INFO: Program started
2025-01-31 18:17:24,452 - INFO: Starting idx_profile_updater with new symbols and deactivated symbols
2025-01-31 18:17:27,090 - INFO: idx_profile_updater finished
2025-02-01 18:15:30,418 - INFO: Program started
2025-02-01 18:15:32,879 - INFO: Starting idx_profile_updater with new symbols and deactivated symbols
2025-02-01 18:15:34,013 - INFO: idx_profile_updater finished
2025-02-04 18:18:05,378 - INFO: Program started
2025-02-04 18:18:07,600 - INFO: Starting idx_profile_updater with new symbols and deactivated symbols
2025-02-04 18:18:10,326 - INFO: idx_profile_updater finished
2025-02-07 01:02:37,640 - INFO: The shareholders data additional scraper program started
2025-02-07 01:02:39,226 - INFO: The shareholders data scraper program started
2025-02-07 01:02:39,226 - INFO: Scraping batch 1 from index 0 to index 238
2025-02-07 04:02:44,639 - INFO: 2025-02-07 the shareholders data has been scrapped. Execution time: 03:00:05
2025-02-07 18:17:50,509 - INFO: Program started
2025-02-07 18:17:52,586 - INFO: Starting idx_profile_updater with new symbols and deactivated symbols
2025-02-07 18:18:41,256 - INFO: idx_profile_updater finished
2025-02-10 18:18:21,938 - INFO: Program started
2025-02-10 18:18:24,290 - INFO: Starting idx_profile_updater with new symbols and deactivated symbols
2025-02-10 18:19:53,477 - INFO: idx_profile_updater finished
2025-02-13 18:18:37,814 - INFO: Program started
2025-02-13 18:18:39,744 - INFO: Starting idx_profile_updater with new symbols and deactivated symbols
2025-02-13 18:19:36,699 - INFO: idx_profile_updater finished
2025-02-14 00:58:17,266 - INFO: The shareholders data additional scraper program started
2025-02-14 01:16:40,587 - INFO: 2025-02-14 the additional shareholders data has been scrapped.
2025-02-14 01:16:42,180 - INFO: The shareholders data scraper program started
2025-02-14 01:16:42,180 - INFO: Scraping batch 2 from index 238 to index 476
2025-02-14 05:11:12,034 - INFO: 2025-02-14 the shareholders data has been scrapped. Execution time: 03:54:29
2025-02-16 18:16:21,082 - INFO: Program started
2025-02-16 18:16:23,018 - INFO: Starting idx_profile_updater with new symbols and deactivated symbols
2025-02-16 18:16:34,535 - INFO: idx_profile_updater finished
2025-02-19 18:17:09,360 - INFO: Program started
2025-02-19 18:17:11,728 - INFO: Starting idx_profile_updater with new symbols and deactivated symbols
2025-02-19 18:17:41,085 - INFO: idx_profile_updater finished
2025-02-21 01:36:59,215 - INFO: The shareholders data additional scraper program started
2025-02-21 01:45:40,218 - INFO: 2025-02-21 the additional shareholders data has been scrapped.
2025-02-21 01:45:41,859 - INFO: The shareholders data scraper program started
2025-02-21 01:45:41,859 - INFO: Scraping batch 3 from index 476 to index 714
2025-02-21 02:18:13,808 - INFO: 2025-02-21 the shareholders data has been scrapped. Execution time: 00:32:31
2025-03-01 18:16:50,468 - INFO: Program started
2025-03-01 18:16:52,439 - INFO: Starting idx_profile_updater with new symbols and deactivated symbols
2025-03-01 18:17:00,130 - INFO: idx_profile_updater finished
2025-03-04 18:18:55,585 - INFO: Program started
2025-03-04 18:18:57,683 - INFO: Starting idx_profile_updater with new symbols and deactivated symbols
2025-03-04 18:19:01,731 - INFO: idx_profile_updater finished
2025-03-07 01:05:47,526 - INFO: The shareholders data additional scraper program started
2025-03-07 01:28:39,228 - INFO: 2025-03-07 the additional shareholders data has been scrapped.
2025-03-07 01:28:40,234 - INFO: The shareholders data scraper program started
2025-03-07 01:28:40,235 - INFO: Scraping batch 1 from index 0 to index 238
2025-03-07 01:48:07,952 - INFO: 2025-03-07 the shareholders data has been scrapped. Execution time: 00:19:27
2025-03-07 18:18:28,079 - INFO: Program started
2025-03-07 18:18:29,593 - INFO: Starting idx_profile_updater with new symbols and deactivated symbols
2025-03-07 18:18:37,618 - INFO: Upserting ['FUTR.JK'] rows to idx_company_profile table.
2025-03-07 18:18:38,318 - INFO: idx_profile_updater finished
2025-03-10 18:17:26,227 - INFO: Program started
2025-03-10 18:17:28,578 - INFO: Starting idx_profile_updater with new symbols and deactivated symbols
2025-03-10 18:17:32,168 - INFO: idx_profile_updater finished
2025-03-14 01:00:53,290 - INFO: The shareholders data additional scraper program started
2025-03-14 01:00:54,754 - INFO: The shareholders data scraper program started
2025-03-14 01:00:54,754 - INFO: Scraping batch 2 from index 238 to index 476
2025-03-14 01:27:13,774 - INFO: 2025-03-14 the shareholders data has been scrapped. Execution time: 00:26:19
2025-03-21 01:42:43,000 - INFO: The shareholders data additional scraper program started
2025-03-21 01:42:57,172 - INFO: 2025-03-21 the additional shareholders data has been scrapped.
2025-03-21 01:42:58,807 - INFO: The shareholders data scraper program started
2025-03-21 01:42:58,808 - INFO: Scraping batch 3 from index 476 to index 714
2025-03-21 03:12:54,103 - INFO: 2025-03-21 the shareholders data has been scrapped. Execution time: 01:29:55
2025-03-22 18:17:24,702 - INFO: Program started
2025-03-22 18:17:26,904 - INFO: Starting idx_profile_updater with new symbols and deactivated symbols
2025-03-22 18:17:33,497 - INFO: idx_profile_updater finished
2025-03-25 18:19:24,890 - INFO: Program started
2025-03-25 18:19:27,299 - INFO: Starting idx_profile_updater with new symbols and deactivated symbols
2025-03-25 18:19:29,088 - INFO: idx_profile_updater finished
2025-03-27 01:33:51,879 - INFO: Program started
2025-03-27 01:33:54,381 - INFO: Starting idx_profile_updater with new symbols and deactivated symbols
2025-03-27 01:34:42,106 - INFO: Upserting ['YUPI.JK'] rows to idx_company_profile table.
2025-03-27 01:34:43,065 - INFO: idx_profile_updater finished
2025-03-28 00:45:01,289 - INFO: The shareholders data additional scraper program started
2025-03-28 00:46:46,738 - INFO: 2025-03-28 the additional shareholders data has been scrapped.
2025-03-28 00:46:48,116 - INFO: The shareholders data scraper program started
2025-03-28 00:46:48,116 - INFO: Scraping batch 4 from index 717 to index 954
2025-03-28 01:03:24,975 - INFO: 2025-03-28 the shareholders data has been scrapped. Execution time: 00:16:36
2025-03-28 18:19:59,145 - INFO: Program started
2025-03-28 18:20:01,210 - INFO: Starting idx_profile_updater with new symbols and deactivated symbols
2025-03-28 18:20:05,942 - INFO: idx_profile_updater finished
2025-03-31 18:19:52,642 - INFO: Program started
2025-03-31 18:19:54,564 - INFO: Starting idx_profile_updater with new symbols and deactivated symbols
2025-03-31 18:19:57,481 - INFO: idx_profile_updater finished
2025-04-01 18:19:05,928 - INFO: Program started
2025-04-01 18:19:08,501 - INFO: Starting idx_profile_updater with new symbols and deactivated symbols
2025-04-01 18:19:12,222 - INFO: idx_profile_updater finished
2025-04-04 18:19:10,300 - INFO: Program started
2025-04-04 18:19:12,729 - INFO: Starting idx_profile_updater with new symbols and deactivated symbols
2025-04-04 18:19:14,968 - INFO: idx_profile_updater finished
2025-04-07 01:09:52,159 - INFO: The shareholders data additional scraper program started
2025-04-07 01:09:53,606 - INFO: The shareholders data scraper program started
2025-04-07 01:09:53,606 - INFO: Scraping batch 1 from index 0 to index 239
2025-04-07 01:42:21,411 - INFO: 2025-04-07 the shareholders data has been scrapped. Execution time: 00:32:27
2025-04-07 18:19:56,702 - INFO: Program started
2025-04-07 18:19:58,706 - INFO: Starting idx_profile_updater with new symbols and deactivated symbols
2025-04-07 18:20:14,800 - INFO: idx_profile_updater finished
2025-04-10 05:05:55,572 - INFO: The shareholders data additional scraper program started
2025-04-10 05:06:06,962 - INFO: 2025-04-10 the additional shareholders data has been scrapped.
2025-04-10 05:06:08,438 - INFO: The shareholders data scraper program started
2025-04-10 05:06:08,438 - INFO: Scraping batch 1 from index 0 to index 239
2025-04-10 05:23:14,785 - INFO: 2025-04-10 the shareholders data has been scrapped. Execution time: 00:17:06
2025-04-10 18:19:12,776 - INFO: Program started
2025-04-10 18:19:15,116 - INFO: Starting idx_profile_updater with new symbols and deactivated symbols
2025-04-10 18:19:19,082 - INFO: idx_profile_updater finished
2025-04-13 18:18:20,556 - INFO: Program started
2025-04-13 18:18:22,927 - INFO: Starting idx_profile_updater with new symbols and deactivated symbols
2025-04-13 18:18:26,524 - INFO: idx_profile_updater finished
2025-04-14 01:06:23,871 - INFO: The shareholders data additional scraper program started
2025-04-14 01:06:25,538 - INFO: The shareholders data scraper program started
2025-04-14 01:06:25,538 - INFO: Scraping batch 2 from index 239 to index 478
2025-04-14 01:24:52,638 - INFO: 2025-04-14 the shareholders data has been scrapped. Execution time: 00:18:27
2025-04-14 07:28:40,551 - INFO: Program started
2025-04-14 07:28:42,804 - INFO: Starting idx_profile_updater with new symbols and deactivated symbols
2025-04-14 07:28:44,476 - INFO: idx_profile_updater finished
2025-04-16 18:20:44,801 - INFO: Program started
2025-04-16 18:20:47,357 - INFO: Starting idx_profile_updater with new symbols and deactivated symbols
2025-04-16 18:20:58,707 - INFO: Upserting ['FORE.JK' 'MDLA.JK'] rows to idx_company_profile table.
2025-04-16 18:20:59,570 - INFO: idx_profile_updater finished
2025-04-19 18:17:26,535 - INFO: Program started
2025-04-19 18:17:28,951 - INFO: Starting idx_profile_updater with new symbols and deactivated symbols
2025-04-19 18:17:31,605 - INFO: idx_profile_updater finished
2025-04-21 01:50:52,690 - INFO: The shareholders data additional scraper program started
2025-04-21 01:50:54,288 - INFO: The shareholders data scraper program started
2025-04-21 01:50:54,288 - INFO: Scraping batch 3 from index 480 to index 720
2025-04-21 02:06:59,883 - INFO: 2025-04-21 the shareholders data has been scrapped. Execution time: 00:16:05
2025-04-22 18:19:56,826 - INFO: Program started
2025-04-22 18:19:58,919 - INFO: Starting idx_profile_updater with new symbols and deactivated symbols
2025-04-22 18:20:11,409 - INFO: Upserting ['FREN.JK' 'EXCL.JK'] rows to idx_company_profile table.
2025-04-22 18:20:12,211 - INFO: idx_profile_updater finished
2025-04-25 18:19:55,762 - INFO: Program started
2025-04-25 18:19:57,920 - INFO: Starting idx_profile_updater with new symbols and deactivated symbols
2025-04-25 18:20:04,896 - INFO: idx_profile_updater finished
2025-04-28 00:50:29,629 - INFO: The shareholders data additional scraper program started
2025-04-28 00:50:31,251 - INFO: The shareholders data scraper program started
2025-04-28 00:50:31,251 - INFO: Scraping batch 4 from index 717 to index 955
2025-04-28 01:06:46,533 - INFO: 2025-04-28 the shareholders data has been scrapped. Execution time: 00:16:15
2025-04-28 18:20:44,452 - INFO: Program started
2025-04-28 18:20:46,629 - INFO: Starting idx_profile_updater with new symbols and deactivated symbols
2025-04-28 18:20:49,784 - INFO: idx_profile_updater finished
2025-05-07 01:11:31,936 - INFO: The shareholders data additional scraper program started
2025-05-07 01:11:33,525 - INFO: The shareholders data scraper program started
2025-05-07 01:11:33,525 - INFO: Scraping batch 1 from index 0 to index 239
2025-05-07 01:34:16,865 - INFO: 2025-05-07 the shareholders data has been scrapped. Execution time: 00:22:43
2025-05-07 18:21:16,572 - INFO: Program started
2025-05-07 18:21:18,873 - INFO: Starting idx_profile_updater with new symbols and deactivated symbols
2025-05-07 18:21:20,556 - INFO: idx_profile_updater finished
2025-05-10 18:17:53,713 - INFO: Program started
2025-05-10 18:17:55,520 - INFO: Starting idx_profile_updater with new symbols and deactivated symbols
2025-05-10 18:18:06,770 - INFO: Upserting ['DKHH.JK'] rows to idx_company_profile table.
2025-05-10 18:18:07,447 - INFO: idx_profile_updater finished
2025-05-13 18:21:15,129 - INFO: Program started
2025-05-13 18:21:18,248 - INFO: Starting idx_profile_updater with new symbols and deactivated symbols
2025-05-13 18:21:20,382 - INFO: idx_profile_updater finished
2025-05-14 01:06:51,024 - INFO: The shareholders data additional scraper program started
2025-05-14 01:07:05,798 - INFO: 2025-05-14 the additional shareholders data has been scrapped.
2025-05-14 01:07:07,293 - INFO: The shareholders data scraper program started
2025-05-14 01:07:07,293 - INFO: Scraping batch 2 from index 240 to index 480
2025-05-14 01:24:49,348 - INFO: 2025-05-14 the shareholders data has been scrapped. Execution time: 00:17:42
2025-05-16 18:20:21,480 - INFO: Program started
2025-05-16 18:20:23,600 - INFO: Starting idx_profile_updater with new symbols and deactivated symbols
2025-05-16 18:20:26,364 - INFO: idx_profile_updater finished
2025-05-19 18:20:49,982 - INFO: Program started
2025-05-19 18:20:52,066 - INFO: Starting idx_profile_updater with new symbols and deactivated symbols
2025-05-19 18:20:54,053 - INFO: idx_profile_updater finished
2025-05-21 01:51:24,989 - INFO: The shareholders data additional scraper program started
2025-05-21 01:51:26,487 - INFO: The shareholders data scraper program started
2025-05-21 01:51:26,487 - INFO: Scraping batch 3 from index 480 to index 720
2025-05-21 03:30:39,343 - INFO: 2025-05-21 the shareholders data has been scrapped. Execution time: 01:39:12
2025-05-22 18:20:46,398 - INFO: Program started
2025-05-22 18:20:48,773 - INFO: Starting idx_profile_updater with new symbols and deactivated symbols
2025-05-22 18:20:50,605 - INFO: idx_profile_updater finished
2025-05-25 18:18:32,140 - INFO: Program started
2025-05-25 18:18:34,154 - INFO: Starting idx_profile_updater with new symbols and deactivated symbols
2025-05-25 18:18:39,244 - INFO: idx_profile_updater finished
2025-05-28 00:50:34,094 - INFO: The shareholders data additional scraper program started
2025-05-28 00:51:23,503 - INFO: 2025-05-28 the additional shareholders data has been scrapped.
2025-05-28 00:51:25,023 - INFO: The shareholders data scraper program started
2025-05-28 00:51:25,023 - INFO: Scraping batch 4 from index 720 to index 956
2025-05-28 01:07:20,332 - INFO: 2025-05-28 the shareholders data has been scrapped. Execution time: 00:15:55
2025-05-31 18:19:07,617 - INFO: Program started
2025-05-31 18:19:10,062 - INFO: Starting idx_profile_updater with new symbols and deactivated symbols
2025-05-31 18:19:11,735 - INFO: idx_profile_updater finished
2025-06-01 18:19:17,789 - INFO: Program started
2025-06-01 18:19:20,099 - INFO: Starting idx_profile_updater with new symbols and deactivated symbols
2025-06-01 18:19:22,488 - INFO: idx_profile_updater finished
2025-06-04 18:21:07,516 - INFO: Program started
2025-06-04 18:21:10,014 - INFO: Starting idx_profile_updater with new symbols and deactivated symbols
2025-06-04 18:21:11,804 - INFO: idx_profile_updater finished
2025-06-07 01:12:34,999 - INFO: The shareholders data additional scraper program started
2025-06-07 01:12:36,459 - INFO: The shareholders data scraper program started
2025-06-07 01:12:36,459 - INFO: Scraping batch 1 from index 0 to index 240
2025-06-07 01:29:14,705 - INFO: 2025-06-07 the shareholders data has been scrapped. Execution time: 00:16:38
2025-06-07 18:19:01,062 - INFO: Program started
2025-06-07 18:19:03,402 - INFO: Starting idx_profile_updater with new symbols and deactivated symbols
2025-06-07 18:19:06,276 - INFO: idx_profile_updater finished
2025-06-10 18:21:11,922 - INFO: Program started
2025-06-10 18:21:13,759 - INFO: Starting idx_profile_updater with new symbols and deactivated symbols
2025-06-10 18:21:16,288 - INFO: idx_profile_updater finished
2025-06-11 02:03:15,173 - INFO: The shareholders data additional scraper program started
2025-06-11 02:03:16,753 - INFO: The shareholders data scraper program started
2025-06-11 02:03:16,753 - INFO: Scraping batch 4 from index 720 to index 956
2025-06-11 02:17:12,234 - INFO: 2025-06-11 the shareholders data has been scrapped. Execution time: 00:13:55
2025-06-11 03:05:55,725 - INFO: The shareholders data additional scraper program started
2025-06-11 03:05:57,294 - INFO: The shareholders data scraper program started
2025-06-11 03:05:57,294 - INFO: Scraping batch 1 from index 0 to index 240
2025-06-11 03:19:57,132 - INFO: 2025-06-11 the shareholders data has been scrapped. Execution time: 00:13:59
2025-06-11 03:22:31,059 - INFO: The shareholders data additional scraper program started
2025-06-11 03:22:32,683 - INFO: The shareholders data scraper program started
2025-06-11 03:22:32,683 - INFO: Scraping batch 2 from index 240 to index 480
2025-06-11 03:37:01,457 - INFO: 2025-06-11 the shareholders data has been scrapped. Execution time: 00:14:28
2025-06-13 18:21:05,712 - INFO: Program started
2025-06-13 18:21:08,080 - INFO: Starting idx_profile_updater with new symbols and deactivated symbols
2025-06-13 18:21:09,716 - INFO: idx_profile_updater finished
2025-06-14 01:06:51,268 - INFO: The shareholders data additional scraper program started
2025-06-14 01:06:52,743 - INFO: The shareholders data scraper program started
2025-06-14 01:06:52,743 - INFO: Scraping batch 2 from index 240 to index 480
2025-06-14 01:21:17,981 - INFO: 2025-06-14 the shareholders data has been scrapped. Execution time: 00:14:25
2025-06-16 18:21:33,178 - INFO: Program started
2025-06-16 18:21:35,276 - INFO: Starting idx_profile_updater with new symbols and deactivated symbols
2025-06-16 18:21:38,110 - INFO: idx_profile_updater finished
2025-06-19 18:20:21,258 - INFO: Program started
2025-06-19 18:20:23,536 - INFO: Starting idx_profile_updater with new symbols and deactivated symbols
2025-06-19 18:20:28,324 - INFO: idx_profile_updater finished
2025-06-21 01:51:50,652 - INFO: The shareholders data additional scraper program started
2025-06-21 01:51:52,148 - INFO: The shareholders data scraper program started
2025-06-21 01:51:52,148 - INFO: Scraping batch 3 from index 480 to index 720
2025-06-21 02:08:02,088 - INFO: 2025-06-21 the shareholders data has been scrapped. Execution time: 00:16:09
2025-06-22 18:19:33,659 - INFO: Program started
2025-06-22 18:19:35,837 - INFO: Starting idx_profile_updater with new symbols and deactivated symbols
2025-06-22 18:19:40,598 - INFO: idx_profile_updater finished
2025-06-25 18:21:51,110 - INFO: Program started
2025-06-25 18:21:53,611 - INFO: Starting idx_profile_updater with new symbols and deactivated symbols
2025-06-25 18:21:55,121 - INFO: idx_profile_updater finished
2025-06-28 00:50:17,597 - INFO: The shareholders data additional scraper program started
2025-06-28 00:50:18,974 - INFO: The shareholders data scraper program started
2025-06-28 00:50:18,974 - INFO: Scraping batch 4 from index 720 to index 956
2025-06-28 01:06:35,112 - INFO: 2025-06-28 the shareholders data has been scrapped. Execution time: 00:16:16
2025-06-28 18:19:24,369 - INFO: Program started
2025-06-28 18:19:26,893 - INFO: Starting idx_profile_updater with new symbols and deactivated symbols
2025-06-28 18:19:28,500 - INFO: idx_profile_updater finished
2025-07-01 18:21:14,329 - INFO: Program started
2025-07-01 18:21:16,271 - INFO: Starting idx_profile_updater with new symbols and deactivated symbols
2025-07-01 18:21:18,161 - INFO: idx_profile_updater finished
2025-07-04 18:20:28,968 - INFO: Program started
2025-07-04 18:20:31,528 - INFO: Starting idx_profile_updater with new symbols and deactivated symbols
2025-07-04 18:20:36,364 - INFO: idx_profile_updater finished
2025-07-07 01:19:21,791 - INFO: The shareholders data additional scraper program started
2025-07-07 01:19:23,409 - INFO: The shareholders data scraper program started
2025-07-07 01:19:23,409 - INFO: Scraping batch 1 from index 0 to index 240
2025-07-07 01:42:25,818 - INFO: 2025-07-07 the shareholders data has been scrapped. Execution time: 00:23:02
2025-07-07 18:21:26,541 - INFO: Program started
2025-07-07 18:21:29,164 - INFO: Starting idx_profile_updater with new symbols and deactivated symbols
2025-07-07 18:21:30,915 - INFO: idx_profile_updater finished
2025-07-10 18:21:59,619 - INFO: Program started
2025-07-10 18:22:02,034 - INFO: Starting idx_profile_updater with new symbols and deactivated symbols
2025-07-10 18:22:33,284 - INFO: Upserting ['RONY.JK' 'CDIA.JK' 'ASPR.JK' 'PSAT.JK' 'COIN.JK'] rows to idx_company_profile table.
2025-07-10 18:22:34,186 - INFO: idx_profile_updater finished
2025-07-13 18:20:05,618 - INFO: Program started
2025-07-13 18:20:07,549 - INFO: Starting idx_profile_updater with new symbols and deactivated symbols
2025-07-13 18:20:34,418 - INFO: Upserting ['CHEK.JK' 'BLOG.JK' 'PMUI.JK' 'MERI.JK'] rows to idx_company_profile table.
2025-07-13 18:20:35,088 - INFO: idx_profile_updater finished
2025-07-14 01:15:38,897 - INFO: The shareholders data additional scraper program started
2025-07-14 01:15:40,356 - INFO: The shareholders data scraper program started
2025-07-14 01:15:40,357 - INFO: Scraping batch 2 from index 242 to index 484
2025-07-14 01:34:34,952 - INFO: 2025-07-14 the shareholders data has been scrapped. Execution time: 00:18:54
2025-07-21 02:07:57,050 - INFO: The shareholders data additional scraper program started
2025-07-21 02:07:58,717 - INFO: The shareholders data scraper program started
2025-07-21 02:07:58,717 - INFO: Scraping batch 3 from index 484 to index 726
2025-07-21 02:29:36,847 - INFO: 2025-07-21 the shareholders data has been scrapped. Execution time: 00:21:38
2025-07-21 04:54:38,972 - INFO: Program started
2025-07-21 04:54:41,577 - INFO: Starting idx_profile_updater with new symbols and deactivated symbols
2025-07-21 04:54:46,140 - INFO: idx_profile_updater finished
2025-07-22 18:23:09,037 - INFO: Program started
2025-07-22 18:23:11,240 - INFO: Starting idx_profile_updater with new symbols and deactivated symbols
2025-07-22 18:23:13,426 - INFO: idx_profile_updater finished
2025-07-24 04:47:43,435 - INFO: Program started
2025-07-24 04:47:45,615 - INFO: Starting idx_profile_updater with new symbols and deactivated symbols
2025-07-24 04:47:47,421 - INFO: idx_profile_updater finished
2025-07-25 18:22:49,969 - INFO: Program started
2025-07-25 18:22:52,677 - INFO: Starting idx_profile_updater with new symbols and deactivated symbols
2025-07-25 18:22:54,288 - INFO: idx_profile_updater finished
2025-07-28 00:59:05,203 - INFO: The shareholders data additional scraper program started
2025-07-28 00:59:26,967 - INFO: 2025-07-28 the additional shareholders data has been scrapped.
2025-07-28 00:59:28,628 - INFO: The shareholders data scraper program started
2025-07-28 00:59:28,628 - INFO: Scraping batch 4 from index 717 to index 954
2025-07-28 01:15:12,929 - INFO: 2025-07-28 the shareholders data has been scrapped. Execution time: 00:15:44
2025-07-28 18:24:32,440 - INFO: Program started
2025-07-28 18:24:34,407 - INFO: Starting idx_profile_updater with new symbols and deactivated symbols
2025-07-28 18:24:39,820 - INFO: idx_profile_updater finished
